<?xml version="1.0" encoding="UTF-8"?>
<robot generator="Robot 7.0.1 (Python 3.10.11 on win32)" generated="2024-07-19T10:53:52.801076" rpa="false" schemaversion="5">
<suite id="s1" name="MyAccountAddress" source="D:\IT Self Study\Robot Framework\Ecommerce Website - Robot framework\tests\MyAccountAddress.robot">
<test id="s1-t1" name="Navigate to address" line="14">
<kw name="Open Browser" owner="SeleniumLibrary">
<msg time="2024-07-19T10:53:53.781885" level="INFO">Opening browser 'chrome' to base url 'https://demo.nopcommerce.com/'.</msg>
<arg>${url}</arg>
<arg>${browser}</arg>
<doc>Opens a new browser instance to the optional ``url``.</doc>
<status status="PASS" start="2024-07-19T10:53:53.781885" elapsed="3.735770"/>
</kw>
<kw name="Maximize Browser Window" owner="SeleniumLibrary">
<doc>Maximizes current browser window.</doc>
<status status="PASS" start="2024-07-19T10:53:57.517655" elapsed="0.039926"/>
</kw>
<kw name="Sleep" owner="BuiltIn">
<msg time="2024-07-19T10:53:58.567608" level="INFO">Slept 1 second.</msg>
<arg>1s</arg>
<doc>Pauses the test executed for the given time.</doc>
<status status="PASS" start="2024-07-19T10:53:57.557581" elapsed="1.010027"/>
</kw>
<kw name="Register" owner="keywords">
<kw name="Click Link" owner="SeleniumLibrary">
<msg time="2024-07-19T10:53:58.567608" level="INFO">Clicking link 'xpath://a[contains(text(),'Register')]'.</msg>
<arg>xpath://a[contains(text(),'Register')]</arg>
<doc>Clicks a link identified by ``locator``.</doc>
<status status="PASS" start="2024-07-19T10:53:58.567608" elapsed="1.038707"/>
</kw>
<kw name="Run Keyword If" owner="BuiltIn">
<kw name="Click Element" owner="SeleniumLibrary">
<msg time="2024-07-19T10:53:59.610137" level="INFO">Clicking element 'id:gender-male'.</msg>
<arg>id:gender-male</arg>
<doc>Click the element identified by ``locator``.</doc>
<status status="PASS" start="2024-07-19T10:53:59.610137" elapsed="0.251411"/>
</kw>
<arg>"${user_gender}" == "Female"</arg>
<arg>Click Element</arg>
<arg>id:gender-female</arg>
<arg>ELSE</arg>
<arg>Click Element</arg>
<arg>id:gender-male</arg>
<doc>Runs the given keyword with the given arguments, if ``condition`` is true.</doc>
<status status="PASS" start="2024-07-19T10:53:59.607679" elapsed="0.253869"/>
</kw>
<kw name="First Name" owner="FakerLibrary">
<msg time="2024-07-19T10:53:59.861548" level="INFO">${registration_user_first_name} = Brian</msg>
<var>${registration_user_first_name}</var>
<status status="PASS" start="2024-07-19T10:53:59.861548" elapsed="0.000000"/>
</kw>
<kw name="Set Global Variable" owner="BuiltIn">
<msg time="2024-07-19T10:53:59.874417" level="INFO">${registration_user_first_name} = Brian</msg>
<arg>${registration_user_first_name}</arg>
<doc>Makes a variable available globally in all tests and suites.</doc>
<status status="PASS" start="2024-07-19T10:53:59.873075" elapsed="0.001909"/>
</kw>
<kw name="Last Name" owner="FakerLibrary">
<msg time="2024-07-19T10:53:59.874984" level="INFO">${registration_user_last_name} = Rodriguez</msg>
<var>${registration_user_last_name}</var>
<status status="PASS" start="2024-07-19T10:53:59.874984" elapsed="0.000000"/>
</kw>
<kw name="Set Global Variable" owner="BuiltIn">
<msg time="2024-07-19T10:53:59.874984" level="INFO">${registration_user_last_name} = Rodriguez</msg>
<arg>${registration_user_last_name}</arg>
<doc>Makes a variable available globally in all tests and suites.</doc>
<status status="PASS" start="2024-07-19T10:53:59.874984" elapsed="0.006080"/>
</kw>
<kw name="Email" owner="FakerLibrary">
<msg time="2024-07-19T10:53:59.881064" level="INFO">${registration_user_email} = juan97@example.net</msg>
<var>${registration_user_email}</var>
<status status="PASS" start="2024-07-19T10:53:59.881064" elapsed="0.000000"/>
</kw>
<kw name="Set Global Variable" owner="BuiltIn">
<msg time="2024-07-19T10:53:59.881064" level="INFO">${registration_user_email} = juan97@example.net</msg>
<arg>${registration_user_email}</arg>
<doc>Makes a variable available globally in all tests and suites.</doc>
<status status="PASS" start="2024-07-19T10:53:59.881064" elapsed="0.000000"/>
</kw>
<kw name="Name" owner="FakerLibrary">
<msg time="2024-07-19T10:53:59.889107" level="INFO">${registration_user_company} = Sara Miles</msg>
<var>${registration_user_company}</var>
<doc>:example: 'John Doe'</doc>
<status status="PASS" start="2024-07-19T10:53:59.881064" elapsed="0.008983"/>
</kw>
<kw name="Set Global Variable" owner="BuiltIn">
<msg time="2024-07-19T10:53:59.891317" level="INFO">${registration_user_company} = Sara Miles</msg>
<arg>${registration_user_company}</arg>
<doc>Makes a variable available globally in all tests and suites.</doc>
<status status="PASS" start="2024-07-19T10:53:59.890201" elapsed="0.001691"/>
</kw>
<kw name="Input Text" owner="SeleniumLibrary">
<msg time="2024-07-19T10:53:59.891892" level="INFO">Typing text 'Brian' into text field 'id:FirstName'.</msg>
<arg>id:FirstName</arg>
<arg>${registration_user_first_name}</arg>
<doc>Types the given ``text`` into the text field identified by ``locator``.</doc>
<status status="PASS" start="2024-07-19T10:53:59.891892" elapsed="0.471835"/>
</kw>
<kw name="Input Text" owner="SeleniumLibrary">
<msg time="2024-07-19T10:54:00.363727" level="INFO">Typing text 'Rodriguez' into text field 'id:LastName'.</msg>
<arg>id:LastName</arg>
<arg>${registration_user_last_name}</arg>
<doc>Types the given ``text`` into the text field identified by ``locator``.</doc>
<status status="PASS" start="2024-07-19T10:54:00.363727" elapsed="0.355826"/>
</kw>
<kw name="Select From List By Label" owner="SeleniumLibrary">
<msg time="2024-07-19T10:54:00.721249" level="INFO">Selecting options from selection list 'DateOfBirthDay' by label 17.</msg>
<arg>DateOfBirthDay</arg>
<arg>${user_date_of_birth_day}</arg>
<doc>Selects options from selection list ``locator`` by ``labels``.</doc>
<status status="PASS" start="2024-07-19T10:54:00.720741" elapsed="0.212877"/>
</kw>
<kw name="Select From List By Value" owner="SeleniumLibrary">
<msg time="2024-07-19T10:54:00.935322" level="INFO">Selecting options from selection list 'DateOfBirthMonth' by value 1.</msg>
<arg>DateOfBirthMonth</arg>
<arg>${user_date_of_birth_month}</arg>
<doc>Selects options from selection list ``locator`` by ``values``.</doc>
<status status="PASS" start="2024-07-19T10:54:00.933618" elapsed="0.255462"/>
</kw>
<kw name="Select From List By Label" owner="SeleniumLibrary">
<msg time="2024-07-19T10:54:01.190970" level="INFO">Selecting options from selection list 'DateOfBirthYear' by label 1997.</msg>
<arg>DateOfBirthYear</arg>
<arg>${user_date_of_birth_year}</arg>
<doc>Selects options from selection list ``locator`` by ``labels``.</doc>
<status status="PASS" start="2024-07-19T10:54:01.189784" elapsed="0.234499"/>
</kw>
<kw name="Input Text" owner="SeleniumLibrary">
<msg time="2024-07-19T10:54:01.424283" level="INFO">Typing text 'juan97@example.net' into text field 'id:Email'.</msg>
<arg>id:Email</arg>
<arg>${registration_user_email}</arg>
<doc>Types the given ``text`` into the text field identified by ``locator``.</doc>
<status status="PASS" start="2024-07-19T10:54:01.424283" elapsed="0.476678"/>
</kw>
<kw name="Input Text" owner="SeleniumLibrary">
<msg time="2024-07-19T10:54:01.900961" level="INFO">Typing text 'Sara Miles' into text field 'id:Company'.</msg>
<arg>id:Company</arg>
<arg>${registration_user_company}</arg>
<doc>Types the given ``text`` into the text field identified by ``locator``.</doc>
<status status="PASS" start="2024-07-19T10:54:01.900961" elapsed="0.149654"/>
</kw>
<kw name="Select Checkbox" owner="SeleniumLibrary">
<msg time="2024-07-19T10:54:02.051121" level="INFO">Selecting checkbox 'Newsletter'.</msg>
<arg>Newsletter</arg>
<doc>Selects the checkbox identified by ``locator``.</doc>
<status status="PASS" start="2024-07-19T10:54:02.051121" elapsed="0.021230"/>
</kw>
<kw name="Input Text" owner="SeleniumLibrary">
<msg time="2024-07-19T10:54:02.072351" level="INFO">Typing text 'Test@123' into text field 'id:Password'.</msg>
<arg>id:Password</arg>
<arg>${user_password}</arg>
<doc>Types the given ``text`` into the text field identified by ``locator``.</doc>
<status status="PASS" start="2024-07-19T10:54:02.072351" elapsed="0.110032"/>
</kw>
<kw name="Input Text" owner="SeleniumLibrary">
<msg time="2024-07-19T10:54:02.182383" level="INFO">Typing text 'Test@123' into text field 'id:ConfirmPassword'.</msg>
<arg>id:ConfirmPassword</arg>
<arg>${user_confirm_password}</arg>
<doc>Types the given ``text`` into the text field identified by ``locator``.</doc>
<status status="PASS" start="2024-07-19T10:54:02.182383" elapsed="0.099491"/>
</kw>
<kw name="Click Element" owner="SeleniumLibrary">
<msg time="2024-07-19T10:54:02.283431" level="INFO">Clicking element 'id:register-button'.</msg>
<arg>id:register-button</arg>
<doc>Click the element identified by ``locator``.</doc>
<status status="PASS" start="2024-07-19T10:54:02.282923" elapsed="1.151621"/>
</kw>
<kw name="Page Should Contain Element" owner="SeleniumLibrary">
<msg time="2024-07-19T10:54:03.479473" level="INFO">Current page contains element 'xpath://div[contains(text(),'Your registration completed')]'.</msg>
<arg>xpath://div[contains(text(),'Your registration completed')]</arg>
<doc>Verifies that element ``locator`` is found on the current page.</doc>
<status status="PASS" start="2024-07-19T10:54:03.435990" elapsed="0.043483"/>
</kw>
<status status="PASS" start="2024-07-19T10:53:58.567608" elapsed="4.911865"/>
</kw>
<kw name="Navigate to my account" owner="keywords">
<kw name="Click Link" owner="SeleniumLibrary">
<msg time="2024-07-19T10:54:03.479473" level="INFO">Clicking link 'xpath://a[contains(text(),'My account')]'.</msg>
<arg>xpath://a[contains(text(),'My account')]</arg>
<doc>Clicks a link identified by ``locator``.</doc>
<status status="PASS" start="2024-07-19T10:54:03.479473" elapsed="0.849493"/>
</kw>
<kw name="Sleep" owner="BuiltIn">
<msg time="2024-07-19T10:54:05.331478" level="INFO">Slept 1 second.</msg>
<arg>1s</arg>
<doc>Pauses the test executed for the given time.</doc>
<status status="PASS" start="2024-07-19T10:54:04.328966" elapsed="1.002512"/>
</kw>
<kw name="Page Should Contain Element" owner="SeleniumLibrary">
<msg time="2024-07-19T10:54:05.379354" level="INFO">Current page contains element 'xpath://h1[contains(text(),'My account - Customer info')]'.</msg>
<arg>xpath://h1[contains(text(),'My account - Customer info')]</arg>
<doc>Verifies that element ``locator`` is found on the current page.</doc>
<status status="PASS" start="2024-07-19T10:54:05.333888" elapsed="0.045466"/>
</kw>
<status status="PASS" start="2024-07-19T10:54:03.479473" elapsed="1.899881"/>
</kw>
<kw name="Navigate to address section" owner="keywords">
<kw name="Click Link" owner="SeleniumLibrary">
<msg time="2024-07-19T10:54:05.379354" level="INFO">Clicking link 'xpath://a[contains(text(),'Addresses')]'.</msg>
<arg>xpath://a[contains(text(),'Addresses')]</arg>
<doc>Clicks a link identified by ``locator``.</doc>
<status status="PASS" start="2024-07-19T10:54:05.379354" elapsed="0.750428"/>
</kw>
<kw name="Sleep" owner="BuiltIn">
<msg time="2024-07-19T10:54:07.137034" level="INFO">Slept 1 second.</msg>
<arg>1s</arg>
<doc>Pauses the test executed for the given time.</doc>
<status status="PASS" start="2024-07-19T10:54:06.129782" elapsed="1.007252"/>
</kw>
<kw name="Page Should Contain Element" owner="SeleniumLibrary">
<msg time="2024-07-19T10:54:07.181393" level="INFO">Current page contains element 'xpath://h1[contains(text(),'My account - Addresses')]'.</msg>
<arg>xpath://h1[contains(text(),'My account - Addresses')]</arg>
<doc>Verifies that element ``locator`` is found on the current page.</doc>
<status status="PASS" start="2024-07-19T10:54:07.139041" elapsed="0.042352"/>
</kw>
<status status="PASS" start="2024-07-19T10:54:05.379354" elapsed="1.802039"/>
</kw>
<status status="PASS" start="2024-07-19T10:53:53.775735" elapsed="13.409251"/>
</test>
<test id="s1-t2" name="Add an address" line="22">
<kw name="Add a new address" owner="keywords">
<kw name="Click Element" owner="SeleniumLibrary">
<msg time="2024-07-19T10:54:07.184986" level="INFO">Clicking element 'xpath://button[contains(text(),'Add new')]'.</msg>
<arg>xpath://button[contains(text(),'Add new')]</arg>
<doc>Click the element identified by ``locator``.</doc>
<status status="PASS" start="2024-07-19T10:54:07.184986" elapsed="0.824385"/>
</kw>
<kw name="Page Should Contain Element" owner="SeleniumLibrary">
<msg time="2024-07-19T10:54:08.069616" level="INFO">Current page contains element '//h1[contains(text(),'My account - Add new address')]'.</msg>
<arg>//h1[contains(text(),'My account - Add new address')]</arg>
<doc>Verifies that element ``locator`` is found on the current page.</doc>
<status status="PASS" start="2024-07-19T10:54:08.009371" elapsed="0.060245"/>
</kw>
<kw name="First Name" owner="FakerLibrary">
<msg time="2024-07-19T10:54:08.072861" level="INFO">${address_first_name} = Suzanne</msg>
<var>${address_first_name}</var>
<status status="PASS" start="2024-07-19T10:54:08.072057" elapsed="0.001880"/>
</kw>
<kw name="Set Global Variable" owner="BuiltIn">
<msg time="2024-07-19T10:54:08.075957" level="INFO">${address_first_name} = Suzanne</msg>
<arg>${address_first_name}</arg>
<doc>Makes a variable available globally in all tests and suites.</doc>
<status status="PASS" start="2024-07-19T10:54:08.074851" elapsed="0.001106"/>
</kw>
<kw name="Last Name" owner="FakerLibrary">
<msg time="2024-07-19T10:54:08.077614" level="INFO">${address_last_name} = Barton</msg>
<var>${address_last_name}</var>
<status status="PASS" start="2024-07-19T10:54:08.076533" elapsed="0.001081"/>
</kw>
<kw name="Set Global Variable" owner="BuiltIn">
<msg time="2024-07-19T10:54:08.079390" level="INFO">${address_last_name} = Barton</msg>
<arg>${address_last_name}</arg>
<doc>Makes a variable available globally in all tests and suites.</doc>
<status status="PASS" start="2024-07-19T10:54:08.079390" elapsed="0.000000"/>
</kw>
<kw name="Email" owner="FakerLibrary">
<msg time="2024-07-19T10:54:08.079390" level="INFO">${address_email} = rrussell@example.net</msg>
<var>${address_email}</var>
<status status="PASS" start="2024-07-19T10:54:08.079390" elapsed="0.000000"/>
</kw>
<kw name="Set Global Variable" owner="BuiltIn">
<msg time="2024-07-19T10:54:08.079390" level="INFO">${address_email} = rrussell@example.net</msg>
<arg>${address_email}</arg>
<doc>Makes a variable available globally in all tests and suites.</doc>
<status status="PASS" start="2024-07-19T10:54:08.079390" elapsed="0.000000"/>
</kw>
<kw name="Name" owner="FakerLibrary">
<msg time="2024-07-19T10:54:08.085979" level="INFO">${address_company} = Martin Fisher</msg>
<var>${address_company}</var>
<doc>:example: 'John Doe'</doc>
<status status="PASS" start="2024-07-19T10:54:08.079390" elapsed="0.006589"/>
</kw>
<kw name="Set Global Variable" owner="BuiltIn">
<msg time="2024-07-19T10:54:08.089638" level="INFO">${address_company} = Martin Fisher</msg>
<arg>${address_company}</arg>
<doc>Makes a variable available globally in all tests and suites.</doc>
<status status="PASS" start="2024-07-19T10:54:08.085979" elapsed="0.003659"/>
</kw>
<kw name="City" owner="FakerLibrary">
<msg time="2024-07-19T10:54:08.089638" level="INFO">${address_city} = Lake Garybury</msg>
<var>${address_city}</var>
<doc>:example: 'Sashabury'</doc>
<status status="PASS" start="2024-07-19T10:54:08.089638" elapsed="0.000000"/>
</kw>
<kw name="Set Global Variable" owner="BuiltIn">
<msg time="2024-07-19T10:54:08.092910" level="INFO">${address_city} = Lake Garybury</msg>
<arg>${address_city}</arg>
<doc>Makes a variable available globally in all tests and suites.</doc>
<status status="PASS" start="2024-07-19T10:54:08.089638" elapsed="0.003272"/>
</kw>
<kw name="Address" owner="FakerLibrary">
<msg time="2024-07-19T10:54:08.095074" level="INFO">${address_address} = 0857 Timothy Views
Robertfort, ME 00884</msg>
<var>${address_address}</var>
<doc>:example: '791 Crist Parks, Sashabury, IL 86039-9874'</doc>
<status status="PASS" start="2024-07-19T10:54:08.095074" elapsed="0.000000"/>
</kw>
<kw name="Set Global Variable" owner="BuiltIn">
<msg time="2024-07-19T10:54:08.095074" level="INFO">${address_address} = 0857 Timothy Views
Robertfort, ME 00884</msg>
<arg>${address_address}</arg>
<doc>Makes a variable available globally in all tests and suites.</doc>
<status status="PASS" start="2024-07-19T10:54:08.095074" elapsed="0.000000"/>
</kw>
<kw name="Port Number" owner="FakerLibrary">
<msg time="2024-07-19T10:54:08.095074" level="INFO">${address_zipcode} = 15769</msg>
<var>${address_zipcode}</var>
<doc>Returns a network port number
https://tools.ietf.org/html/rfc6335</doc>
<status status="PASS" start="2024-07-19T10:54:08.095074" elapsed="0.000000"/>
</kw>
<kw name="Set Global Variable" owner="BuiltIn">
<msg time="2024-07-19T10:54:08.102183" level="INFO">${address_zipcode} = 15769</msg>
<arg>${address_zipcode}</arg>
<doc>Makes a variable available globally in all tests and suites.</doc>
<status status="PASS" start="2024-07-19T10:54:08.102183" elapsed="0.000000"/>
</kw>
<kw name="Phone Number" owner="FakerLibrary">
<msg time="2024-07-19T10:54:08.102183" level="INFO">${address_phonenumber} = (576)277-2029x25371</msg>
<var>${address_phonenumber}</var>
<status status="PASS" start="2024-07-19T10:54:08.102183" elapsed="0.000000"/>
</kw>
<kw name="Set Global Variable" owner="BuiltIn">
<msg time="2024-07-19T10:54:08.107609" level="INFO">${address_phonenumber} = (576)277-2029x25371</msg>
<arg>${address_phonenumber}</arg>
<doc>Makes a variable available globally in all tests and suites.</doc>
<status status="PASS" start="2024-07-19T10:54:08.106178" elapsed="0.001431"/>
</kw>
<kw name="Input Text" owner="SeleniumLibrary">
<msg time="2024-07-19T10:54:08.109312" level="INFO">Typing text 'Suzanne' into text field 'id:Address_FirstName'.</msg>
<arg>id:Address_FirstName</arg>
<arg>${address_first_name}</arg>
<doc>Types the given ``text`` into the text field identified by ``locator``.</doc>
<status status="PASS" start="2024-07-19T10:54:08.108726" elapsed="0.399069"/>
</kw>
<kw name="Input Text" owner="SeleniumLibrary">
<msg time="2024-07-19T10:54:08.507795" level="INFO">Typing text 'Barton' into text field 'id:Address_LastName'.</msg>
<arg>id:Address_LastName</arg>
<arg>${address_last_name}</arg>
<doc>Types the given ``text`` into the text field identified by ``locator``.</doc>
<status status="PASS" start="2024-07-19T10:54:08.507795" elapsed="0.339281"/>
</kw>
<kw name="Input Text" owner="SeleniumLibrary">
<msg time="2024-07-19T10:54:08.848484" level="INFO">Typing text 'rrussell@example.net' into text field 'id:Address_Email'.</msg>
<arg>id:Address_Email</arg>
<arg>${address_email}</arg>
<doc>Types the given ``text`` into the text field identified by ``locator``.</doc>
<status status="PASS" start="2024-07-19T10:54:08.847076" elapsed="0.497367"/>
</kw>
<kw name="Input Text" owner="SeleniumLibrary">
<msg time="2024-07-19T10:54:09.344443" level="INFO">Typing text 'Martin Fisher' into text field 'id:Address_Company'.</msg>
<arg>id:Address_Company</arg>
<arg>${address_company}</arg>
<doc>Types the given ``text`` into the text field identified by ``locator``.</doc>
<status status="PASS" start="2024-07-19T10:54:09.344443" elapsed="0.374939"/>
</kw>
<kw name="Select From List By Label" owner="SeleniumLibrary">
<msg time="2024-07-19T10:54:09.735030" level="INFO">Selecting options from selection list 'Address.CountryId' by label United States.</msg>
<arg>Address.CountryId</arg>
<arg>United States</arg>
<doc>Selects options from selection list ``locator`` by ``labels``.</doc>
<status status="PASS" start="2024-07-19T10:54:09.735030" elapsed="0.188971"/>
</kw>
<kw name="Sleep" owner="BuiltIn">
<msg time="2024-07-19T10:54:10.934289" level="INFO">Slept 1 second.</msg>
<arg>1s</arg>
<doc>Pauses the test executed for the given time.</doc>
<status status="PASS" start="2024-07-19T10:54:09.924570" elapsed="1.009719"/>
</kw>
<kw name="Select From List By Label" owner="SeleniumLibrary">
<msg time="2024-07-19T10:54:10.934289" level="INFO">Selecting options from selection list 'Address.StateProvinceId' by label Alaska.</msg>
<arg>Address.StateProvinceId</arg>
<arg>Alaska</arg>
<doc>Selects options from selection list ``locator`` by ``labels``.</doc>
<status status="PASS" start="2024-07-19T10:54:10.934289" elapsed="0.227156"/>
</kw>
<kw name="Input Text" owner="SeleniumLibrary">
<msg time="2024-07-19T10:54:11.161445" level="INFO">Typing text 'Lake Garybury' into text field 'id:Address_City'.</msg>
<arg>id:Address_City</arg>
<arg>${address_city}</arg>
<doc>Types the given ``text`` into the text field identified by ``locator``.</doc>
<status status="PASS" start="2024-07-19T10:54:11.161445" elapsed="0.406259"/>
</kw>
<kw name="Input Text" owner="SeleniumLibrary">
<msg time="2024-07-19T10:54:11.567704" level="INFO">Typing text '0857 Timothy Views
Robertfort, ME 00884' into text field 'id:Address_Address1'.</msg>
<arg>id:Address_Address1</arg>
<arg>${address_address}</arg>
<doc>Types the given ``text`` into the text field identified by ``locator``.</doc>
<status status="PASS" start="2024-07-19T10:54:11.567704" elapsed="0.645384"/>
</kw>
<kw name="Input Text" owner="SeleniumLibrary">
<msg time="2024-07-19T10:54:12.213088" level="INFO">Typing text '15769' into text field 'id:Address_ZipPostalCode'.</msg>
<arg>id:Address_ZipPostalCode</arg>
<arg>${address_zipcode}</arg>
<doc>Types the given ``text`` into the text field identified by ``locator``.</doc>
<status status="PASS" start="2024-07-19T10:54:12.213088" elapsed="0.329590"/>
</kw>
<kw name="Input Text" owner="SeleniumLibrary">
<msg time="2024-07-19T10:54:12.542678" level="INFO">Typing text '(576)277-2029x25371' into text field 'id:Address_PhoneNumber'.</msg>
<arg>id:Address_PhoneNumber</arg>
<arg>${address_phonenumber}</arg>
<doc>Types the given ``text`` into the text field identified by ``locator``.</doc>
<status status="PASS" start="2024-07-19T10:54:12.542678" elapsed="0.339296"/>
</kw>
<kw name="Click Element" owner="SeleniumLibrary">
<msg time="2024-07-19T10:54:12.881974" level="INFO">Clicking element 'xpath://button[contains(text(),'Save')]'.</msg>
<arg>xpath://button[contains(text(),'Save')]</arg>
<doc>Click the element identified by ``locator``.</doc>
<status status="PASS" start="2024-07-19T10:54:12.881974" elapsed="1.162706"/>
</kw>
<kw name="Page Should Contain Element" owner="SeleniumLibrary">
<msg time="2024-07-19T10:54:14.090871" level="INFO">Current page contains element '//p[contains(text(),'The new address has been added successfully.')]'.</msg>
<arg>//p[contains(text(),'The new address has been added successfully.')]</arg>
<doc>Verifies that element ``locator`` is found on the current page.</doc>
<status status="PASS" start="2024-07-19T10:54:14.044680" elapsed="0.046191"/>
</kw>
<status status="PASS" start="2024-07-19T10:54:07.184986" elapsed="6.905885"/>
</kw>
<status status="PASS" start="2024-07-19T10:54:07.184986" elapsed="6.915551"/>
</test>
<test id="s1-t3" name="Edit the added address" line="25">
<kw name="Edit the address" owner="keywords">
<kw name="Click Element" owner="SeleniumLibrary">
<msg time="2024-07-19T10:54:14.106695" level="INFO">Clicking element 'xpath://button[contains(text(),'Edit')]'.</msg>
<arg>xpath://button[contains(text(),'Edit')]</arg>
<doc>Click the element identified by ``locator``.</doc>
<status status="PASS" start="2024-07-19T10:54:14.106695" elapsed="0.849414"/>
</kw>
<kw name="Page Should Contain Element" owner="SeleniumLibrary">
<msg time="2024-07-19T10:54:15.006101" level="INFO">Current page contains element '//h1[contains(text(),'My account - Edit address')]'.</msg>
<arg>//h1[contains(text(),'My account - Edit address')]</arg>
<doc>Verifies that element ``locator`` is found on the current page.</doc>
<status status="PASS" start="2024-07-19T10:54:14.956109" elapsed="0.049992"/>
</kw>
<kw name="Phone Number" owner="FakerLibrary">
<msg time="2024-07-19T10:54:15.009435" level="INFO">${address_faxnumber} = 9328648017</msg>
<var>${address_faxnumber}</var>
<status status="PASS" start="2024-07-19T10:54:15.006101" elapsed="0.003334"/>
</kw>
<kw name="Set Global Variable" owner="BuiltIn">
<msg time="2024-07-19T10:54:15.009435" level="INFO">${address_faxnumber} = 9328648017</msg>
<arg>${address_faxnumber}</arg>
<doc>Makes a variable available globally in all tests and suites.</doc>
<status status="PASS" start="2024-07-19T10:54:15.009435" elapsed="0.000000"/>
</kw>
<kw name="Input Text" owner="SeleniumLibrary">
<msg time="2024-07-19T10:54:15.009435" level="INFO">Typing text '9328648017' into text field 'id:Address_FaxNumber'.</msg>
<arg>id:Address_FaxNumber</arg>
<arg>${address_faxnumber}</arg>
<doc>Types the given ``text`` into the text field identified by ``locator``.</doc>
<status status="PASS" start="2024-07-19T10:54:15.009435" elapsed="0.361207"/>
</kw>
<kw name="Click Element" owner="SeleniumLibrary">
<msg time="2024-07-19T10:54:15.372282" level="INFO">Clicking element '//button[contains(text(),'Save')]'.</msg>
<arg>//button[contains(text(),'Save')]</arg>
<doc>Click the element identified by ``locator``.</doc>
<status status="PASS" start="2024-07-19T10:54:15.371654" elapsed="1.214204"/>
</kw>
<status status="PASS" start="2024-07-19T10:54:14.106695" elapsed="2.479163"/>
</kw>
<status status="PASS" start="2024-07-19T10:54:14.105323" elapsed="2.485749"/>
</test>
<test id="s1-t4" name="Delete the added address" line="28">
<kw name="Delete the address" owner="keywords">
<kw name="Click Element" owner="SeleniumLibrary">
<msg time="2024-07-19T10:54:16.602688" level="INFO">Clicking element 'xpath://button[contains(text(),'Delete')]'.</msg>
<arg>xpath://button[contains(text(),'Delete')]</arg>
<doc>Click the element identified by ``locator``.</doc>
<status status="PASS" start="2024-07-19T10:54:16.600834" elapsed="0.265225"/>
</kw>
<kw name="Sleep" owner="BuiltIn">
<msg time="2024-07-19T10:54:17.882127" level="INFO">Slept 1 second.</msg>
<arg>1s</arg>
<doc>Pauses the test executed for the given time.</doc>
<status status="PASS" start="2024-07-19T10:54:16.867603" elapsed="1.014524"/>
</kw>
<kw name="Handle Alert" owner="SeleniumLibrary">
<msg time="2024-07-19T10:54:17.882127" level="INFO">HANDLE::&lt;class 'NoneType'&gt;::None</msg>
<arg>dismiss</arg>
<doc>Handles the current alert and returns its message.</doc>
<status status="PASS" start="2024-07-19T10:54:17.882127" elapsed="0.018627"/>
</kw>
<kw name="Click Element" owner="SeleniumLibrary">
<msg time="2024-07-19T10:54:17.902743" level="INFO">Clicking element 'xpath://button[contains(text(),'Delete')]'.</msg>
<arg>xpath://button[contains(text(),'Delete')]</arg>
<doc>Click the element identified by ``locator``.</doc>
<status status="PASS" start="2024-07-19T10:54:17.901941" elapsed="0.169007"/>
</kw>
<kw name="Sleep" owner="BuiltIn">
<msg time="2024-07-19T10:54:19.082070" level="INFO">Slept 1 second.</msg>
<arg>1s</arg>
<doc>Pauses the test executed for the given time.</doc>
<status status="PASS" start="2024-07-19T10:54:18.070948" elapsed="1.011122"/>
</kw>
<kw name="Handle Alert" owner="SeleniumLibrary">
<msg time="2024-07-19T10:54:19.082070" level="INFO">HANDLE::&lt;class 'NoneType'&gt;::None</msg>
<arg>accept</arg>
<doc>Handles the current alert and returns its message.</doc>
<status status="PASS" start="2024-07-19T10:54:19.082070" elapsed="0.019068"/>
</kw>
<kw name="Sleep" owner="BuiltIn">
<msg time="2024-07-19T10:54:20.106632" level="INFO">Slept 1 second.</msg>
<arg>1s</arg>
<doc>Pauses the test executed for the given time.</doc>
<status status="PASS" start="2024-07-19T10:54:19.102386" elapsed="1.004246"/>
</kw>
<kw name="Page Should Contain Element" owner="SeleniumLibrary">
<msg time="2024-07-19T10:54:20.156183" level="INFO">Current page contains element '//div[contains(text(),'No addresses')]'.</msg>
<arg>//div[contains(text(),'No addresses')]</arg>
<doc>Verifies that element ``locator`` is found on the current page.</doc>
<status status="PASS" start="2024-07-19T10:54:20.106632" elapsed="0.049551"/>
</kw>
<status status="PASS" start="2024-07-19T10:54:16.600230" elapsed="3.555953"/>
</kw>
<status status="PASS" start="2024-07-19T10:54:16.597584" elapsed="3.558599"/>
</test>
<status status="PASS" start="2024-07-19T10:53:52.805265" elapsed="27.355764"/>
</suite>
<statistics>
<total>
<stat pass="4" fail="0" skip="0">All Tests</stat>
</total>
<tag>
</tag>
<suite>
<stat pass="4" fail="0" skip="0" id="s1" name="MyAccountAddress">MyAccountAddress</stat>
</suite>
</statistics>
<errors>
</errors>
</robot>
