<?xml version="1.0" encoding="UTF-8"?>
<robot generator="Robot 7.0.1 (Python 3.10.11 on win32)" generated="2024-07-13T10:22:18.385205" rpa="false" schemaversion="5">
<suite id="s1" name="Login" source="D:\IT Self Study\Robot Framework\Ecommerce Website - Robot framework\tests\Login.robot">
<test id="s1-t1" name="LoginTest" line="14">
<kw name="Open Browser" owner="SeleniumLibrary">
<msg time="2024-07-13T10:22:19.313250" level="INFO">Opening browser 'chrome' to base url 'https://demo.nopcommerce.com/'.</msg>
<arg>${url}</arg>
<arg>${browser}</arg>
<doc>Opens a new browser instance to the optional ``url``.</doc>
<status status="PASS" start="2024-07-13T10:22:19.313250" elapsed="3.582748"/>
</kw>
<kw name="Maximize Browser Window" owner="SeleniumLibrary">
<doc>Maximizes current browser window.</doc>
<status status="PASS" start="2024-07-13T10:22:22.895998" elapsed="0.044537"/>
</kw>
<kw name="Sleep" owner="BuiltIn">
<msg time="2024-07-13T10:22:23.941488" level="INFO">Slept 1 second.</msg>
<arg>1s</arg>
<doc>Pauses the test executed for the given time.</doc>
<status status="PASS" start="2024-07-13T10:22:22.940535" elapsed="1.000953"/>
</kw>
<kw name="loginToTheApplication" owner="keywords">
<kw name="Click Link" owner="SeleniumLibrary">
<msg time="2024-07-13T10:22:23.944945" level="INFO">Clicking link 'xpath://a[contains(text(),'Log in')]'.</msg>
<arg>xpath://a[contains(text(),'Log in')]</arg>
<doc>Clicks a link identified by ``locator``.</doc>
<status status="PASS" start="2024-07-13T10:22:23.943312" elapsed="0.724075"/>
</kw>
<kw name="Input Text" owner="SeleniumLibrary">
<msg time="2024-07-13T10:22:24.668678" level="INFO">Typing text 'test@test.com' into text field 'id:Email'.</msg>
<arg>id:Email</arg>
<arg>${user_email}</arg>
<doc>Types the given ``text`` into the text field identified by ``locator``.</doc>
<status status="PASS" start="2024-07-13T10:22:24.667387" elapsed="0.434245"/>
</kw>
<kw name="Input Text" owner="SeleniumLibrary">
<msg time="2024-07-13T10:22:25.102661" level="INFO">Typing text 'Test@123' into text field 'id:Password'.</msg>
<arg>id:Password</arg>
<arg>${user_password}</arg>
<doc>Types the given ``text`` into the text field identified by ``locator``.</doc>
<status status="PASS" start="2024-07-13T10:22:25.101632" elapsed="0.335505"/>
</kw>
<kw name="Click Element" owner="SeleniumLibrary">
<msg time="2024-07-13T10:22:25.437645" level="INFO">Clicking element 'xpath://button[contains(text(),'Log in')]'.</msg>
<arg>xpath://button[contains(text(),'Log in')]</arg>
<doc>Click the element identified by ``locator``.</doc>
<status status="PASS" start="2024-07-13T10:22:25.437645" elapsed="0.875456"/>
</kw>
<kw name="Sleep" owner="BuiltIn">
<msg time="2024-07-13T10:22:28.317363" level="INFO">Slept 2 seconds.</msg>
<arg>2s</arg>
<doc>Pauses the test executed for the given time.</doc>
<status status="PASS" start="2024-07-13T10:22:26.314653" elapsed="2.002710"/>
</kw>
<kw name="Set Variable" owner="BuiltIn">
<msg time="2024-07-13T10:22:28.317363" level="INFO">${logout_button} = xpath://a[contains(text(),'Log out')]</msg>
<var>${logout_button}</var>
<arg>xpath://a[contains(text(),'Log out')]</arg>
<doc>Returns the given values which can then be assigned to a variables.</doc>
<status status="PASS" start="2024-07-13T10:22:28.317363" elapsed="0.000000"/>
</kw>
<kw name="Set Global Variable" owner="BuiltIn">
<msg time="2024-07-13T10:22:28.317363" level="INFO">${logout_button} = xpath://a[contains(text(),'Log out')]</msg>
<arg>${logout_button}</arg>
<doc>Makes a variable available globally in all tests and suites.</doc>
<status status="PASS" start="2024-07-13T10:22:28.317363" elapsed="0.000000"/>
</kw>
<kw name="Page Should Contain Link" owner="SeleniumLibrary">
<msg time="2024-07-13T10:22:28.446909" level="INFO">Current page contains link 'xpath://a[contains(text(),'Log out')]'.</msg>
<arg>${logout_button}</arg>
<doc>Verifies link identified by ``locator`` is found from current page.</doc>
<status status="PASS" start="2024-07-13T10:22:28.317363" elapsed="0.129546"/>
</kw>
<status status="PASS" start="2024-07-13T10:22:23.942161" elapsed="4.504748"/>
</kw>
<kw name="logout" owner="keywords">
<kw name="Click Link" owner="SeleniumLibrary">
<msg time="2024-07-13T10:22:28.453472" level="INFO">Clicking link 'xpath://a[contains(text(),'Log out')]'.</msg>
<arg>${logout_button}</arg>
<doc>Clicks a link identified by ``locator``.</doc>
<status status="PASS" start="2024-07-13T10:22:28.453472" elapsed="0.924461"/>
</kw>
<kw name="Page Should Contain Link" owner="SeleniumLibrary">
<msg time="2024-07-13T10:22:29.430017" level="INFO">Current page contains link 'xpath://a[contains(text(),'Log in')]'.</msg>
<arg>xpath://a[contains(text(),'Log in')]</arg>
<doc>Verifies link identified by ``locator`` is found from current page.</doc>
<status status="PASS" start="2024-07-13T10:22:29.377933" elapsed="0.052084"/>
</kw>
<status status="PASS" start="2024-07-13T10:22:28.451230" elapsed="0.980305"/>
</kw>
<kw name="loginToTheApplicationWithIncorectEmail" owner="keywords">
<kw name="Click Link" owner="SeleniumLibrary">
<msg time="2024-07-13T10:22:29.431535" level="INFO">Clicking link 'xpath://a[contains(text(),'Log in')]'.</msg>
<arg>xpath://a[contains(text(),'Log in')]</arg>
<doc>Clicks a link identified by ``locator``.</doc>
<status status="PASS" start="2024-07-13T10:22:29.431535" elapsed="0.706651"/>
</kw>
<kw name="Input Text" owner="SeleniumLibrary">
<msg time="2024-07-13T10:22:30.140612" level="INFO">Typing text 'tesst@test.com' into text field 'id:Email'.</msg>
<arg>id:Email</arg>
<arg>tesst@test.com</arg>
<doc>Types the given ``text`` into the text field identified by ``locator``.</doc>
<status status="PASS" start="2024-07-13T10:22:30.140034" elapsed="0.620638"/>
</kw>
<kw name="Input Text" owner="SeleniumLibrary">
<msg time="2024-07-13T10:22:30.766003" level="INFO">Typing text 'Test@123' into text field 'id:Password'.</msg>
<arg>id:Password</arg>
<arg>Test@123</arg>
<doc>Types the given ``text`` into the text field identified by ``locator``.</doc>
<status status="PASS" start="2024-07-13T10:22:30.760672" elapsed="0.227794"/>
</kw>
<kw name="Click Element" owner="SeleniumLibrary">
<msg time="2024-07-13T10:22:30.988466" level="INFO">Clicking element 'xpath://button[contains(text(),'Log in')]'.</msg>
<arg>xpath://button[contains(text(),'Log in')]</arg>
<doc>Click the element identified by ``locator``.</doc>
<status status="PASS" start="2024-07-13T10:22:30.988466" elapsed="0.620127"/>
</kw>
<kw name="Sleep" owner="BuiltIn">
<msg time="2024-07-13T10:22:32.616076" level="INFO">Slept 1 second.</msg>
<arg>1s</arg>
<doc>Pauses the test executed for the given time.</doc>
<status status="PASS" start="2024-07-13T10:22:31.608593" elapsed="1.007483"/>
</kw>
<kw name="Page Should Contain Element" owner="SeleniumLibrary">
<msg time="2024-07-13T10:22:32.672220" level="INFO">Current page contains element 'xpath://li[contains(text(),'No customer account found')]'.</msg>
<arg>xpath://li[contains(text(),'No customer account found')]</arg>
<doc>Verifies that element ``locator`` is found on the current page.</doc>
<status status="PASS" start="2024-07-13T10:22:32.618499" elapsed="0.053721"/>
</kw>
<status status="PASS" start="2024-07-13T10:22:29.431535" elapsed="3.240685"/>
</kw>
<kw name="loginToTheApplicationWithIncorectPassword" owner="keywords">
<kw name="Click Link" owner="SeleniumLibrary">
<msg time="2024-07-13T10:22:32.672220" level="INFO">Clicking link 'xpath://a[contains(text(),'Log in')]'.</msg>
<arg>xpath://a[contains(text(),'Log in')]</arg>
<doc>Clicks a link identified by ``locator``.</doc>
<status status="PASS" start="2024-07-13T10:22:32.672220" elapsed="0.453886"/>
</kw>
<kw name="Input Text" owner="SeleniumLibrary">
<msg time="2024-07-13T10:22:33.127696" level="INFO">Typing text 'test@test.com' into text field 'id:Email'.</msg>
<arg>id:Email</arg>
<arg>test@test.com</arg>
<doc>Types the given ``text`` into the text field identified by ``locator``.</doc>
<status status="PASS" start="2024-07-13T10:22:33.126106" elapsed="0.388985"/>
</kw>
<kw name="Input Text" owner="SeleniumLibrary">
<msg time="2024-07-13T10:22:33.516748" level="INFO">Typing text 'Testt@123' into text field 'id:Password'.</msg>
<arg>id:Password</arg>
<arg>Testt@123</arg>
<doc>Types the given ``text`` into the text field identified by ``locator``.</doc>
<status status="PASS" start="2024-07-13T10:22:33.516015" elapsed="0.246568"/>
</kw>
<kw name="Click Element" owner="SeleniumLibrary">
<msg time="2024-07-13T10:22:33.765151" level="INFO">Clicking element 'xpath://button[contains(text(),'Log in')]'.</msg>
<arg>xpath://button[contains(text(),'Log in')]</arg>
<doc>Click the element identified by ``locator``.</doc>
<status status="PASS" start="2024-07-13T10:22:33.762583" elapsed="0.461096"/>
</kw>
<kw name="Sleep" owner="BuiltIn">
<msg time="2024-07-13T10:22:35.230938" level="INFO">Slept 1 second.</msg>
<arg>1s</arg>
<doc>Pauses the test executed for the given time.</doc>
<status status="PASS" start="2024-07-13T10:22:34.223679" elapsed="1.008573"/>
</kw>
<kw name="Page Should Contain Element" owner="SeleniumLibrary">
<msg time="2024-07-13T10:22:35.280110" level="INFO">Current page contains element 'xpath://li[contains(text(),'The credentials provided are incorrect')]'.</msg>
<arg>xpath://li[contains(text(),'The credentials provided are incorrect')]</arg>
<doc>Verifies that element ``locator`` is found on the current page.</doc>
<status status="PASS" start="2024-07-13T10:22:35.232252" elapsed="0.047858"/>
</kw>
<status status="PASS" start="2024-07-13T10:22:32.672220" elapsed="2.607890"/>
</kw>
<kw name="Close Browser" owner="SeleniumLibrary">
<doc>Closes the current browser.</doc>
<status status="PASS" start="2024-07-13T10:22:35.284717" elapsed="2.417741"/>
</kw>
<status status="PASS" start="2024-07-13T10:22:19.313250" elapsed="18.391433"/>
</test>
<status status="PASS" start="2024-07-13T10:22:18.400882" elapsed="19.303801"/>
</suite>
<statistics>
<total>
<stat pass="1" fail="0" skip="0">All Tests</stat>
</total>
<tag>
</tag>
<suite>
<stat pass="1" fail="0" skip="0" id="s1" name="Login">Login</stat>
</suite>
</statistics>
<errors>
</errors>
</robot>
