<?xml version="1.0" encoding="UTF-8"?>
<robot generator="Robot 7.0.1 (Python 3.10.11 on win32)" generated="2024-07-15T23:09:51.890520" rpa="false" schemaversion="5">
<suite id="s1" name="MyAccountAddress" source="D:\IT Self Study\Robot Framework\Ecommerce Website - Robot framework\tests\MyAccountAddress.robot">
<test id="s1-t1" name="Navigate to address" line="14">
<kw name="Open Browser" owner="SeleniumLibrary">
<msg time="2024-07-15T23:10:00.727788" level="INFO">Opening browser 'chrome' to base url 'https://demo.nopcommerce.com/'.</msg>
<arg>${url}</arg>
<arg>${browser}</arg>
<doc>Opens a new browser instance to the optional ``url``.</doc>
<status status="PASS" start="2024-07-15T23:10:00.727788" elapsed="4.412278"/>
</kw>
<kw name="Maximize Browser Window" owner="SeleniumLibrary">
<doc>Maximizes current browser window.</doc>
<status status="PASS" start="2024-07-15T23:10:05.140066" elapsed="0.052218"/>
</kw>
<kw name="Sleep" owner="BuiltIn">
<msg time="2024-07-15T23:10:06.201657" level="INFO">Slept 1 second.</msg>
<arg>1s</arg>
<doc>Pauses the test executed for the given time.</doc>
<status status="PASS" start="2024-07-15T23:10:05.192284" elapsed="1.009373"/>
</kw>
<kw name="Register" owner="keywords">
<kw name="Click Link" owner="SeleniumLibrary">
<msg time="2024-07-15T23:10:06.203790" level="INFO">Clicking link 'xpath://a[contains(text(),'Register')]'.</msg>
<arg>xpath://a[contains(text(),'Register')]</arg>
<doc>Clicks a link identified by ``locator``.</doc>
<status status="PASS" start="2024-07-15T23:10:06.203790" elapsed="0.805798"/>
</kw>
<kw name="Run Keyword If" owner="BuiltIn">
<kw name="Click Element" owner="SeleniumLibrary">
<msg time="2024-07-15T23:10:07.009588" level="INFO">Clicking element 'id:gender-male'.</msg>
<arg>id:gender-male</arg>
<doc>Click the element identified by ``locator``.</doc>
<status status="PASS" start="2024-07-15T23:10:07.009588" elapsed="0.267834"/>
</kw>
<arg>"${user_gender}" == "Female"</arg>
<arg>Click Element</arg>
<arg>id:gender-female</arg>
<arg>ELSE</arg>
<arg>Click Element</arg>
<arg>id:gender-male</arg>
<doc>Runs the given keyword with the given arguments, if ``condition`` is true.</doc>
<status status="PASS" start="2024-07-15T23:10:07.009588" elapsed="0.267834"/>
</kw>
<kw name="First Name" owner="FakerLibrary">
<msg time="2024-07-15T23:10:07.277422" level="INFO">${registration_user_first_name} = Charles</msg>
<var>${registration_user_first_name}</var>
<status status="PASS" start="2024-07-15T23:10:07.277422" elapsed="0.000000"/>
</kw>
<kw name="Set Global Variable" owner="BuiltIn">
<msg time="2024-07-15T23:10:07.277422" level="INFO">${registration_user_first_name} = Charles</msg>
<arg>${registration_user_first_name}</arg>
<doc>Makes a variable available globally in all tests and suites.</doc>
<status status="PASS" start="2024-07-15T23:10:07.277422" elapsed="0.000000"/>
</kw>
<kw name="Last Name" owner="FakerLibrary">
<msg time="2024-07-15T23:10:07.285060" level="INFO">${registration_user_last_name} = Bautista</msg>
<var>${registration_user_last_name}</var>
<status status="PASS" start="2024-07-15T23:10:07.277422" elapsed="0.007638"/>
</kw>
<kw name="Set Global Variable" owner="BuiltIn">
<msg time="2024-07-15T23:10:07.286853" level="INFO">${registration_user_last_name} = Bautista</msg>
<arg>${registration_user_last_name}</arg>
<doc>Makes a variable available globally in all tests and suites.</doc>
<status status="PASS" start="2024-07-15T23:10:07.286279" elapsed="0.000574"/>
</kw>
<kw name="Email" owner="FakerLibrary">
<msg time="2024-07-15T23:10:07.286853" level="INFO">${registration_user_email} = jenniferbrooks@example.com</msg>
<var>${registration_user_email}</var>
<status status="PASS" start="2024-07-15T23:10:07.286853" elapsed="0.000000"/>
</kw>
<kw name="Set Global Variable" owner="BuiltIn">
<msg time="2024-07-15T23:10:07.286853" level="INFO">${registration_user_email} = jenniferbrooks@example.com</msg>
<arg>${registration_user_email}</arg>
<doc>Makes a variable available globally in all tests and suites.</doc>
<status status="PASS" start="2024-07-15T23:10:07.286853" elapsed="0.000000"/>
</kw>
<kw name="Name" owner="FakerLibrary">
<msg time="2024-07-15T23:10:07.293431" level="INFO">${registration_user_company} = Natalie Butler</msg>
<var>${registration_user_company}</var>
<doc>:example: 'John Doe'</doc>
<status status="PASS" start="2024-07-15T23:10:07.286853" elapsed="0.006578"/>
</kw>
<kw name="Set Global Variable" owner="BuiltIn">
<msg time="2024-07-15T23:10:07.293431" level="INFO">${registration_user_company} = Natalie Butler</msg>
<arg>${registration_user_company}</arg>
<doc>Makes a variable available globally in all tests and suites.</doc>
<status status="PASS" start="2024-07-15T23:10:07.293431" elapsed="0.000000"/>
</kw>
<kw name="Input Text" owner="SeleniumLibrary">
<msg time="2024-07-15T23:10:07.293431" level="INFO">Typing text 'Charles' into text field 'id:FirstName'.</msg>
<arg>id:FirstName</arg>
<arg>${registration_user_first_name}</arg>
<doc>Types the given ``text`` into the text field identified by ``locator``.</doc>
<status status="PASS" start="2024-07-15T23:10:07.293431" elapsed="0.459668"/>
</kw>
<kw name="Input Text" owner="SeleniumLibrary">
<msg time="2024-07-15T23:10:07.753099" level="INFO">Typing text 'Bautista' into text field 'id:LastName'.</msg>
<arg>id:LastName</arg>
<arg>${registration_user_last_name}</arg>
<doc>Types the given ``text`` into the text field identified by ``locator``.</doc>
<status status="PASS" start="2024-07-15T23:10:07.753099" elapsed="0.255223"/>
</kw>
<kw name="Select From List By Label" owner="SeleniumLibrary">
<msg time="2024-07-15T23:10:08.008831" level="INFO">Selecting options from selection list 'DateOfBirthDay' by label 17.</msg>
<arg>DateOfBirthDay</arg>
<arg>${user_date_of_birth_day}</arg>
<doc>Selects options from selection list ``locator`` by ``labels``.</doc>
<status status="PASS" start="2024-07-15T23:10:08.008831" elapsed="0.152543"/>
</kw>
<kw name="Select From List By Value" owner="SeleniumLibrary">
<msg time="2024-07-15T23:10:08.161374" level="INFO">Selecting options from selection list 'DateOfBirthMonth' by value 1.</msg>
<arg>DateOfBirthMonth</arg>
<arg>${user_date_of_birth_month}</arg>
<doc>Selects options from selection list ``locator`` by ``values``.</doc>
<status status="PASS" start="2024-07-15T23:10:08.161374" elapsed="0.216895"/>
</kw>
<kw name="Select From List By Label" owner="SeleniumLibrary">
<msg time="2024-07-15T23:10:08.378269" level="INFO">Selecting options from selection list 'DateOfBirthYear' by label 1997.</msg>
<arg>DateOfBirthYear</arg>
<arg>${user_date_of_birth_year}</arg>
<doc>Selects options from selection list ``locator`` by ``labels``.</doc>
<status status="PASS" start="2024-07-15T23:10:08.378269" elapsed="0.260515"/>
</kw>
<kw name="Input Text" owner="SeleniumLibrary">
<msg time="2024-07-15T23:10:08.639360" level="INFO">Typing text 'jenniferbrooks@example.com' into text field 'id:Email'.</msg>
<arg>id:Email</arg>
<arg>${registration_user_email}</arg>
<doc>Types the given ``text`` into the text field identified by ``locator``.</doc>
<status status="PASS" start="2024-07-15T23:10:08.639360" elapsed="0.446757"/>
</kw>
<kw name="Input Text" owner="SeleniumLibrary">
<msg time="2024-07-15T23:10:09.086117" level="INFO">Typing text 'Natalie Butler' into text field 'id:Company'.</msg>
<arg>id:Company</arg>
<arg>${registration_user_company}</arg>
<doc>Types the given ``text`` into the text field identified by ``locator``.</doc>
<status status="PASS" start="2024-07-15T23:10:09.086117" elapsed="0.148637"/>
</kw>
<kw name="Select Checkbox" owner="SeleniumLibrary">
<msg time="2024-07-15T23:10:09.241266" level="INFO">Selecting checkbox 'Newsletter'.</msg>
<arg>Newsletter</arg>
<doc>Selects the checkbox identified by ``locator``.</doc>
<status status="PASS" start="2024-07-15T23:10:09.241266" elapsed="0.024506"/>
</kw>
<kw name="Input Text" owner="SeleniumLibrary">
<msg time="2024-07-15T23:10:09.265772" level="INFO">Typing text 'Test@123' into text field 'id:Password'.</msg>
<arg>id:Password</arg>
<arg>${user_password}</arg>
<doc>Types the given ``text`` into the text field identified by ``locator``.</doc>
<status status="PASS" start="2024-07-15T23:10:09.265772" elapsed="0.109829"/>
</kw>
<kw name="Input Text" owner="SeleniumLibrary">
<msg time="2024-07-15T23:10:09.375601" level="INFO">Typing text 'Test@123' into text field 'id:ConfirmPassword'.</msg>
<arg>id:ConfirmPassword</arg>
<arg>${user_confirm_password}</arg>
<doc>Types the given ``text`` into the text field identified by ``locator``.</doc>
<status status="PASS" start="2024-07-15T23:10:09.375601" elapsed="0.099709"/>
</kw>
<kw name="Click Element" owner="SeleniumLibrary">
<msg time="2024-07-15T23:10:09.475310" level="INFO">Clicking element 'id:register-button'.</msg>
<arg>id:register-button</arg>
<doc>Click the element identified by ``locator``.</doc>
<status status="PASS" start="2024-07-15T23:10:09.475310" elapsed="0.821726"/>
</kw>
<kw name="Page Should Contain Element" owner="SeleniumLibrary">
<msg time="2024-07-15T23:10:10.411353" level="INFO">Current page contains element 'xpath://div[contains(text(),'Your registration completed')]'.</msg>
<arg>xpath://div[contains(text(),'Your registration completed')]</arg>
<doc>Verifies that element ``locator`` is found on the current page.</doc>
<status status="PASS" start="2024-07-15T23:10:10.300885" elapsed="0.110468"/>
</kw>
<status status="PASS" start="2024-07-15T23:10:06.203790" elapsed="4.207563"/>
</kw>
<kw name="Navigate to my account" owner="keywords">
<kw name="Click Link" owner="SeleniumLibrary">
<msg time="2024-07-15T23:10:10.411353" level="INFO">Clicking link 'xpath://a[contains(text(),'My account')]'.</msg>
<arg>xpath://a[contains(text(),'My account')]</arg>
<doc>Clicks a link identified by ``locator``.</doc>
<status status="PASS" start="2024-07-15T23:10:10.411353" elapsed="0.818840"/>
</kw>
<kw name="Sleep" owner="BuiltIn">
<msg time="2024-07-15T23:10:12.242546" level="INFO">Slept 1 second.</msg>
<arg>1s</arg>
<doc>Pauses the test executed for the given time.</doc>
<status status="PASS" start="2024-07-15T23:10:11.230193" elapsed="1.012353"/>
</kw>
<kw name="Page Should Contain Element" owner="SeleniumLibrary">
<msg time="2024-07-15T23:10:12.292059" level="INFO">Current page contains element 'xpath://h1[contains(text(),'My account - Customer info')]'.</msg>
<arg>xpath://h1[contains(text(),'My account - Customer info')]</arg>
<doc>Verifies that element ``locator`` is found on the current page.</doc>
<status status="PASS" start="2024-07-15T23:10:12.242546" elapsed="0.049513"/>
</kw>
<status status="PASS" start="2024-07-15T23:10:10.411353" elapsed="1.880706"/>
</kw>
<kw name="Navigate to address section" owner="keywords">
<kw name="Click Link" owner="SeleniumLibrary">
<msg time="2024-07-15T23:10:12.292059" level="INFO">Clicking link 'xpath://a[contains(text(),'Addresses')]'.</msg>
<arg>xpath://a[contains(text(),'Addresses')]</arg>
<doc>Clicks a link identified by ``locator``.</doc>
<status status="PASS" start="2024-07-15T23:10:12.292059" elapsed="0.749892"/>
</kw>
<kw name="Sleep" owner="BuiltIn">
<msg time="2024-07-15T23:10:14.057785" level="INFO">Slept 1 second.</msg>
<arg>1s</arg>
<doc>Pauses the test executed for the given time.</doc>
<status status="PASS" start="2024-07-15T23:10:13.041951" elapsed="1.015834"/>
</kw>
<kw name="Page Should Contain Element" owner="SeleniumLibrary">
<msg time="2024-07-15T23:10:14.101930" level="INFO">Current page contains element 'xpath://h1[contains(text(),'My account - Addresses')]'.</msg>
<arg>xpath://h1[contains(text(),'My account - Addresses')]</arg>
<doc>Verifies that element ``locator`` is found on the current page.</doc>
<status status="PASS" start="2024-07-15T23:10:14.057785" elapsed="0.044145"/>
</kw>
<status status="PASS" start="2024-07-15T23:10:12.292059" elapsed="1.809871"/>
</kw>
<status status="PASS" start="2024-07-15T23:10:00.727788" elapsed="13.377661"/>
</test>
<status status="PASS" start="2024-07-15T23:09:51.893532" elapsed="22.211917"/>
</suite>
<statistics>
<total>
<stat pass="1" fail="0" skip="0">All Tests</stat>
</total>
<tag>
</tag>
<suite>
<stat pass="1" fail="0" skip="0" id="s1" name="MyAccountAddress">MyAccountAddress</stat>
</suite>
</statistics>
<errors>
</errors>
</robot>
